t_name	SRR072893	SRR072915
FBtr0078769	954.192017	1699.380493
FBtr0078705	1310.891479	2191.13208
FBtr0081635	379.55560299999996	928.965149
FBtr0081639	1286.63916	3218.413086
FBtr0082136	1569.939331	3363.201172
FBtr0082344	693.504333	1342.399658
FBtr0347181	434.90951500000006	841.843811
FBtr0082370	1996.4160160000001	3724.97583
FBtr0082346	1687.1816410000001	2816.830566
FBtr0082606	0.0	2649.069092
FBtr0082980	5.494705000000001	1568.88208
FBtr0083006	1137.638672	1493.907837
FBtr0083057	2415.525635	3344.470215
FBtr0083120	497.468933	790.181458
FBtr0083565	685.787903	951.225342
FBtr0083964	1849.571655	3174.364014
FBtr0346148	606.321167	905.546448
FBtr0083969	701.315308	1047.421265
FBtr0084410	1509.616333	2814.400146
FBtr0084932	1126.616943	2864.871338
FBtr0085062	1121.856689	2100.6408690000003
FBtr0085248	55.145996	2410.228271
FBtr0085392	634.634827	1489.421265
FBtr0085393	497.147644	622.5509030000001
FBtr0346158	801.186462	2388.454834
FBtr0085592	1497.315063	2650.7265620000003
FBtr0089422	1337.43457	2336.087158
FBtr0089425	1213.9782710000002	2118.139893
FBtr0085772	960.157715	438.477264
FBtr0085805	1342.073486	2933.626953
FBtr0346611	419.998199	767.2193599999999
FBtr0310268	578.8742679999999	894.5238039999999
FBtr0072805	1753.053345	560.252808
FBtr0072924	1157.602905	2251.838623
FBtr0073097	962.246155	1924.86731
FBtr0076892	903.519714	1915.883911
FBtr0076633	1428.248657	2910.364502
FBtr0076479	1316.340698	873.486633
FBtr0076423	1451.7438960000002	2786.5625
FBtr0076032	1367.209961	2862.594971
FBtr0076075	749.06958	357.40792799999997
FBtr0075878	1209.772705	539.8601070000001
FBtr0075884	2018.457397	3169.5698239999997
FBtr0075066	1289.574341	2624.892822
FBtr0078481	1032.423096	1819.064209
FBtr0113742	1174.7854	1769.819946
FBtr0088525	1926.4509280000002	2726.0161129999997
FBtr0088226	496.05310099999997	525.036621
FBtr0088058	572.74469	701.477173
FBtr0088035	6517.760254	8381.533203
FBtr0088007	1517.984741	119.88027199999999
FBtr0087782	924.2353519999999	514.2167969999999
FBtr0087676	0.747332	1799.4862059999998
FBtr0087575	691.745239	1270.966431
FBtr0339970	1082.024658	2005.2239989999998
FBtr0087123	2124.9423829999996	4837.398926
FBtr0087105	1647.116089	3659.875
FBtr0332947	441.05609100000004	800.335388
FBtr0345627	371.681641	671.745422
FBtr0086947	1174.199585	2925.7502440000003
FBtr0086515	589.4738769999999	1098.35083
FBtr0086533	1181.4257810000001	134.547791
FBtr0086536	1805.8574219999998	3730.1992189999996
FBtr0086273	1098.293091	2130.525391
FBtr0086274	947.85968	1635.9941410000001
FBtr0086268	2.104609	4668.350098
FBtr0071592	666.62085	981.773132
FBtr0071593	935.275513	1543.461914
FBtr0071708	565.687988	784.2676389999999
FBtr0071855	855.2318730000001	2790.5234379999997
FBtr0071935	1470.583862	3015.092773
FBtr0071911	1428.657959	292.788025
FBtr0071897	1440.241821	2078.446533
FBtr0071994	835.8435059999999	279.007996
FBtr0072188	1093.497925	1802.3955079999998
FBtr0072173	1236.1719970000001	2947.042725
FBtr0072175	444.838104	816.662354
FBtr0072185	1226.353149	2547.985107
FBtr0100231	4871.613281	8397.803711
FBtr0072406	1963.4746089999999	3035.091797
FBtr0345321	450.843903	1449.523682
FBtr0070155	417.950592	1555.741577
FBtr0070148	793.0300900000001	1443.823608
FBtr0070290	1379.9880369999998	2570.9770510000003
FBtr0070801	812.58429	1830.592041
FBtr0070822	510.325104	673.356567
FBtr0070823	1560.049561	1748.519409
FBtr0070915	1184.4316410000001	2635.883545
FBtr0070980	725.9537349999999	1134.2092289999998
FBtr0071135	1676.7341310000002	2951.22583
FBtr0071345	234.57183799999999	959.532898
FBtr0071360	1184.65625	2397.1254879999997
FBtr0073421	601.908813	766.929382
FBtr0346384	579.5938110000001	737.20575
FBtr0073471	1006.7330929999999	686.9717410000001
FBtr0300828	980.28717	1653.831665
FBtr0330403	1501.439087	2891.555664
FBtr0074238	1115.098877	310.086884
FBtr0074311	538.6887820000001	2007.87854
FBtr0074406	363.36911000000003	916.5437009999999
FBtr0074657	0.0	1252.776123
FBtr0074731	936.9020390000001	1722.5625
FBtr0078056	1634.578491	2707.83667
FBtr0077714	117.136627	1261.79895
FBtr0273293	698.525146	1288.005615
FBtr0077470	1627.487183	2800.8833010000003
FBtr0077452	758.0020139999999	1934.781616
FBtr0345285	551.842285	1143.814819
FBtr0335136	534.406555	1107.675049
FBtr0079017	105.274918	1718.428345
FBtr0079124	340.32754500000004	791.262085
FBtr0079233	450.393188	586.5292969999999
FBtr0079176	884.736816	1280.9155269999999
FBtr0346716	368.075256	788.698425
FBtr0079356	336.99963399999996	731.377197
FBtr0079565	731.156433	2359.233643
FBtr0345332	809.6151120000001	1137.1838380000002
FBtr0079546	910.59552	1288.5507810000001
FBtr0100541	692.341187	3746.5205079999996
FBtr0079905	1041.5683589999999	235.60817000000003
FBtr0345436	1007.472717	227.895569
FBtr0079888	267.31076	764.3468019999999
FBtr0100164	273.181915	781.134827
FBtr0079946	950.843689	3045.080811
FBtr0079975	2114.9375	758.6992799999999
FBtr0080016	2295.229004	3625.1757810000004
FBtr0340226	569.200867	1003.046875
FBtr0080163	738.957458	1239.0876460000002
FBtr0080193	0.571905	1045.209351
FBtr0080237	0.0	1196.017212
FBtr0080835	0.0	2992.588623
FBtr0080889	366.39926099999997	706.396912
FBtr0081089	1109.228394	2219.276611
FBtr0081181	973.0948490000001	532.7981570000001
FBtr0085919	965.05896	2347.608154
FBtr0085911	2379.820557	4008.750244
FBtr0085961	955.404358	1443.9689939999998
FBtr0345541	868.176941	1340.599731
FBtr0111129	342.441284	925.173462
FBtr0111132	1612.6563720000001	2030.102295
FBtr0308296	1597.7866210000002	2984.5390620000003
FBtr0100861	82.787125	1157.735107
FBtr0100867	56.437389	1591.971191
FBtr0100868	84.57415	1695.637085
FBtr0100888	2339.313232	4556.64209
